<?xml version="1.0" encoding="UTF-8"?>
<!-- Generated by org.testng.reporters.JUnitReportReporter -->
<testsuite skipped="0" hostname="AQMIT-DSK-10159" name="tests.ParallelTest" tests="1" failures="0" timestamp="28 Mar 2022 11:24:45 GMT" time="36.478" errors="0">
  <testcase name="openEdgeParallel" time="36.478" classname="tests.ParallelTest"/>
</testsuite> <!-- tests.ParallelTest -->
