<?xml version="1.0" encoding="UTF-8"?>
<!-- Generated by org.testng.reporters.JUnitReportReporter -->
<testsuite skipped="0" hostname="AQMIT-DSK-10159" name="tests.ParallelTest1" tests="1" failures="0" timestamp="28 Mar 2022 11:24:45 GMT" time="35.220" errors="0">
  <testcase name="openChromeParallel" time="35.220" classname="tests.ParallelTest1"/>
</testsuite> <!-- tests.ParallelTest1 -->
